1491037655775	geckodriver	INFO	Listening on 127.0.0.1:55213
1491037657702	mozprofile::profile	INFO	Using profile path C:\Users\will\AppData\Local\Temp\rust_mozprofile.7kLxr3d3cZ0c
1491037657704	geckodriver::marionette	INFO	Starting browser C:\Software\MozillaFirefox\firefox.exe
1491037657742	geckodriver::marionette	INFO	Connecting to Marionette on localhost:55220
1491037659008	Marionette	INFO	Listening on port 55220
1491037659455	Marionette	WARN	TLS certificate errors will be ignored for this session
JavaScript error: https://cdn.sstatic.net/Js/stub.en.js?v=17b9af6e9349, line 1: ReferenceError: $ is not defined
JavaScript error: http://stackoverflow.com/questions/40963288/fatal-python-error-cannot-recover-from-stack-overflow-during-flood-fill, line 41: TypeError: StackExchange.ready is not a function
JavaScript error: https://cdn.sstatic.net/Js/stub.en.js?v=17b9af6e9349, line 1: ReferenceError: $ is not defined
JavaScript error: http://stackoverflow.com/questions/40963288/fatal-python-error-cannot-recover-from-stack-overflow-during-flood-fill, line 73: TypeError: StackExchange.ready is not a function
JavaScript error: http://stackoverflow.com/questions/40963288/fatal-python-error-cannot-recover-from-stack-overflow-during-flood-fill, line 84: ReferenceError: $ is not defined
JavaScript error: http://stackoverflow.com/questions/40963288/fatal-python-error-cannot-recover-from-stack-overflow-during-flood-fill, line 282: TypeError: StackExchange.ready is not a function
JavaScript error: http://stackoverflow.com/questions/40963288/fatal-python-error-cannot-recover-from-stack-overflow-during-flood-fill, line 315: TypeError: StackExchange.ready is not a function
JavaScript error: http://stackoverflow.com/questions/40963288/fatal-python-error-cannot-recover-from-stack-overflow-during-flood-fill, line 1375: TypeError: StackExchange.ifUsing is not a function
JavaScript error: http://stackoverflow.com/questions/40963288/fatal-python-error-cannot-recover-from-stack-overflow-during-flood-fill, line 1386: TypeError: StackExchange.ready is not a function
JavaScript error: http://stackoverflow.com/questions/40963288/fatal-python-error-cannot-recover-from-stack-overflow-during-flood-fill, line 1453: TypeError: StackExchange.ready is not a function
JavaScript error: http://stackoverflow.com/questions/40963288/fatal-python-error-cannot-recover-from-stack-overflow-during-flood-fill, line 1494: TypeError: StackExchange.ready is not a function
JavaScript error: http://stackoverflow.com/questions/40963288/fatal-python-error-cannot-recover-from-stack-overflow-during-flood-fill, line 1806: TypeError: StackExchange.ready is not a function
common-ui/js/jquery/jquery-1.8.3.min.js line 2 > eval, line 9: ReferenceError: top_resultMenu_global is not defined
JavaScript error: http://www.pss-system.gov.cn/sipopublicsearch/common-ui/js/jquery/jquery-1.8.3.min.js line 2 > eval, line 9: ReferenceError: top_resultMenu_global is not defined
JavaScript error: http://www.pss-system.gov.cn/sipopublicsearch/common-ui/js/jquery/jquery-1.8.3.min.js line 2 > eval, line 9: ReferenceError: top_resultMenu_global is not defined
JavaScript error: http://www.pss-system.gov.cn/sipopublicsearch/common-ui/js/jquery/jquery-1.8.3.min.js line 2 > eval, line 9: ReferenceError: top_resultMenu_global is not defined
JavaScript error: http://www.pss-system.gov.cn/sipopublicsearch/common-ui/js/jquery/jquery-1.8.3.min.js line 2 > eval, line 9: ReferenceError: top_resultMenu_global is not defined
JavaScript error: http://www.pss-system.gov.cn/sipopublicsearch/common-ui/js/jquery/jquery-1.8.3.min.js line 2 > eval, line 9: ReferenceError: top_resultMenu_global is not defined
JavaScript error: http://www.pss-system.gov.cn/sipopublicsearch/common-ui/js/jquery/jquery-1.8.3.min.js line 2 > eval, line 9: ReferenceError: top_resultMenu_global is not defined
JavaScript error: http://www.pss-system.gov.cn/sipopublicsearch/common-ui/js/jquery/jquery-1.8.3.min.js line 2 > eval, line 9: ReferenceError: top_resultMenu_global is not defined
JavaScript error: http://www.pss-system.gov.cn/sipopublicsearch/common-ui/js/jquery/jquery-1.8.3.min.js line 2 > eval, line 9: ReferenceError: top_resultMenu_global is not defined
JavaScript error: http://www.pss-system.gov.cn/sipopublicsearch/common-ui/js/jquery/jquery-1.8.3.min.js line 2 > eval, line 9: ReferenceError: top_resultMenu_global is not defined
JavaScript error: http://www.pss-system.gov.cn/sipopublicsearch/common-ui/js/jquery/jquery-1.8.3.min.js line 2 > eval, line 9: ReferenceError: top_resultMenu_global is not defined
JavaScript error: http://www.pss-system.gov.cn/sipopublicsearch/common-ui/js/jquery/jquery-1.8.3.min.js line 2 > eval, line 9: ReferenceError: top_resultMenu_global is not defined
JavaScript error: http://www.pss-system.gov.cn/sipopublicsearch/common-ui/js/jquery/jquery-1.8.3.min.js line 2 > eval, line 9: ReferenceError: top_resultMenu_global is not defined
JavaScript error: http://www.pss-system.gov.cn/sipopublicsearch/common-ui/js/jquery/jquery-1.8.3.min.js line 2 > eval, line 9: ReferenceError: top_resultMenu_global is not defined
JavaScript error: http://www.pss-system.gov.cn/sipopublicsearch/common-ui/js/jquery/jquery-1.8.3.min.js line 2 > eval, line 9: ReferenceError: top_resultMenu_global is not defined
JavaScript error: http://www.pss-system.gov.cn/sipopublicsearch/common-ui/js/jquery/jquery-1.8.3.min.js line 2 > eval, line 9: ReferenceError: top_resultMenu_global is not defined
JavaScript error: http://www.pss-system.gov.cn/sipopublicsearch/common-ui/js/jquery/jquery-1.8.3.min.js line 2 > eval, line 9: ReferenceError: top_resultMenu_global is not defined
JavaScript error: http://www.pss-system.gov.cn/sipopublicsearch/common-ui/js/jquery/jquery-1.8.3.min.js line 2 > eval, line 9: ReferenceError: top_resultMenu_global is not defined
JavaScript error: http://www.pss-system.gov.cn/sipopublicsearch/common-ui/js/jquery/jquery-1.8.3.min.js line 2 > eval, line 9: ReferenceError: top_resultMenu_global is not defined
JavaScript error: http://www.pss-system.gov.cn/sipopublicsearch/common-ui/js/jquery/jquery-1.8.3.min.js line 2 > eval, line 9: ReferenceError: top_resultMenu_global is not defined
JavaScript error: http://www.pss-system.gov.cn/sipopublicsearch/common-ui/js/jquery/jquery-1.8.3.min.js line 2 > eval, line 9: ReferenceError: top_resultMenu_global is not defined
JavaScript error: http://www.pss-system.gov.cn/sipopublicsearch/common-ui/js/jquery/jquery-1.8.3.min.js line 2 > eval, line 9: ReferenceError: top_resultMenu_global is not defined
JavaScript error: http://www.pss-system.gov.cn/sipopublicsearch/common-ui/js/jquery/jquery-1.8.3.min.js line 2 > eval, line 9: ReferenceError: top_resultMenu_global is not defined
JavaScript error: http://www.pss-system.gov.cn/sipopublicsearch/common-ui/js/jquery/jquery-1.8.3.min.js line 2 > eval, line 9: ReferenceError: top_resultMenu_global is not defined
1491038008595	geckodriver	INFO	Listening on 127.0.0.1:56613
1491038010611	mozprofile::profile	INFO	Using profile path C:\Users\will\AppData\Local\Temp\rust_mozprofile.dWrhd2w7ebUd
1491038010618	geckodriver::marionette	INFO	Starting browser C:\Software\MozillaFirefox\firefox.exe
1491038010627	geckodriver::marionette	INFO	Connecting to Marionette on localhost:56619
1491038011461	Marionette	INFO	Listening on port 56619
1491038011822	Marionette	WARN	TLS certificate errors will be ignored for this session
1491039377393	geckodriver	INFO	Listening on 127.0.0.1:56136
1491039379414	mozprofile::profile	INFO	Using profile path C:\Users\will\AppData\Local\Temp\rust_mozprofile.4SQUKkz1zeM0
1491039379424	geckodriver::marionette	INFO	Starting browser C:\Software\MozillaFirefox\firefox.exe
1491039379442	geckodriver::marionette	INFO	Connecting to Marionette on localhost:56143
1491039380172	Marionette	INFO	Listening on port 56143
1491039380522	Marionette	WARN	TLS certificate errors will be ignored for this session
1491040788216	geckodriver	INFO	Listening on 127.0.0.1:57107
1491040790222	mozprofile::profile	INFO	Using profile path C:\Users\will\AppData\Local\Temp\rust_mozprofile.pVNnMkTap5P7
1491040790231	geckodriver::marionette	INFO	Starting browser C:\Software\MozillaFirefox\firefox.exe
1491040790249	geckodriver::marionette	INFO	Connecting to Marionette on localhost:57113
1491040790998	Marionette	INFO	Listening on port 57113
1491040791319	Marionette	WARN	TLS certificate errors will be ignored for this session
1491041932074	Marionette	INFO	New connections will no longer be accepted
[Child 6972] WARNING: pipe error: 232: file c:/builds/moz2_slave/m-rel-w32-00000000000000000000/build/src/ipc/chromium/src/chrome/common/ipc_channel_win.cc, line 512
[Child 6972] ###!!! ABORT: Aborting on channel error.: file c:/builds/moz2_slave/m-rel-w32-00000000000000000000/build/src/ipc/glue/MessageChannel.cpp, line 2143

###!!! [Child][MessageChannel] Error: (msgtype=0xE40003,name=PTexture::Msg_Destroy) Channel error: cannot send/recv


###!!! [Child][MessageChannel] Error: (msgtype=0xE40003,name=PTexture::Msg_Destroy) Channel error: cannot send/recv


###!!! [Child][MessageChannel] Error: (msgtype=0xE40003,name=PTexture::Msg_Destroy) Channel error: cannot send/recv


###!!! [Child][MessageChannel] Error: (msgtype=0xE40003,name=PTexture::Msg_Destroy) Channel error: cannot send/recv


###!!! [Child][MessageChannel] Error: (msgtype=0x3E0003,name=PCompositable::Msg_Destroy) Channel error: cannot send/recv


###!!! [Child][MessageChannel] Error: (msgtype=0xE40003,name=PTexture::Msg_Destroy) Channel error: cannot send/recv


###!!! [Child][MessageChannel] Error: (msgtype=0xE40003,name=PTexture::Msg_Destroy) Channel error: cannot send/recv


###!!! [Child][MessageChannel] Error: (msgtype=0x3E0003,name=PCompositable::Msg_Destroy) Channel error: cannot send/recv


###!!! [Child][MessageChannel] Error: (msgtype=0xE40003,name=PTexture::Msg_Destroy) Channel error: cannot send/recv


###!!! [Child][MessageChannel] Error: (msgtype=0xE40003,name=PTexture::Msg_Destroy) Channel error: cannot send/recv


###!!! [Child][MessageChannel] Error: (msgtype=0x3E0003,name=PCompositable::Msg_Destroy) Channel error: cannot send/recv


###!!! [Child][MessageChannel] Error: (msgtype=0xE40003,name=PTexture::Msg_Destroy) Channel error: cannot send/recv


###!!! [Child][MessageChannel] Error: (msgtype=0xE40003,name=PTexture::Msg_Destroy) Channel error: cannot send/recv


###!!! [Child][MessageChannel] Error: (msgtype=0x3E0003,name=PCompositable::Msg_Destroy) Channel error: cannot send/recv


###!!! [Child][MessageChannel] Error: (msgtype=0xE40003,name=PTexture::Msg_Destroy) Channel error: cannot send/recv


###!!! [Child][MessageChannel] Error: (msgtype=0xE40003,name=PTexture::Msg_Destroy) Channel error: cannot send/recv


###!!! [Child][MessageChannel] Error: (msgtype=0x3E0003,name=PCompositable::Msg_Destroy) Channel error: cannot send/recv


###!!! [Child][MessageChannel] Error: (msgtype=0x3E0003,name=PCompositable::Msg_Destroy) Channel error: cannot send/recv

1491059634770	geckodriver	INFO	Listening on 127.0.0.1:51886
1491059636701	mozprofile::profile	INFO	Using profile path C:\Users\will\AppData\Local\Temp\rust_mozprofile.My0uoBlwJspB
1491059636704	geckodriver::marionette	INFO	Starting browser C:\Software\MozillaFirefox\firefox.exe
1491059636731	geckodriver::marionette	INFO	Connecting to Marionette on localhost:51900
1491059638182	Marionette	INFO	Listening on port 51900
1491059638555	Marionette	WARN	TLS certificate errors will be ignored for this session
1491062417067	geckodriver	INFO	Listening on 127.0.0.1:54096
1491062419075	mozprofile::profile	INFO	Using profile path C:\Users\will\AppData\Local\Temp\rust_mozprofile.zPEZ48ha94N2
1491062419083	geckodriver::marionette	INFO	Starting browser C:\Software\MozillaFirefox\firefox.exe
1491062419104	geckodriver::marionette	INFO	Connecting to Marionette on localhost:54102
1491062420211	Marionette	INFO	Listening on port 54102
1491062420631	Marionette	WARN	TLS certificate errors will be ignored for this session
1491062645562	geckodriver	INFO	Listening on 127.0.0.1:60577
1491062647562	mozprofile::profile	INFO	Using profile path C:\Users\will\AppData\Local\Temp\rust_mozprofile.WxZ4QFmZvvd9
1491062647570	geckodriver::marionette	INFO	Starting browser C:\Software\MozillaFirefox\firefox.exe
1491062647583	geckodriver::marionette	INFO	Connecting to Marionette on localhost:60589
1491062648411	Marionette	INFO	Listening on port 60589
1491062648765	Marionette	WARN	TLS certificate errors will be ignored for this session
1491062921216	geckodriver	INFO	Listening on 127.0.0.1:51404
1491062923230	mozprofile::profile	INFO	Using profile path C:\Users\will\AppData\Local\Temp\rust_mozprofile.1Bi2uXOsywCo
1491062923236	geckodriver::marionette	INFO	Starting browser C:\Software\MozillaFirefox\firefox.exe
1491062923251	geckodriver::marionette	INFO	Connecting to Marionette on localhost:51410
1491062924014	Marionette	INFO	Listening on port 51410
1491062924356	Marionette	WARN	TLS certificate errors will be ignored for this session
1491063039659	geckodriver	INFO	Listening on 127.0.0.1:52829
1491063041660	mozprofile::profile	INFO	Using profile path C:\Users\will\AppData\Local\Temp\rust_mozprofile.wwH2JJD1tFzS
1491063041667	geckodriver::marionette	INFO	Starting browser C:\Software\MozillaFirefox\firefox.exe
1491063041676	geckodriver::marionette	INFO	Connecting to Marionette on localhost:52835
1491063042430	Marionette	INFO	Listening on port 52835
1491063042769	Marionette	WARN	TLS certificate errors will be ignored for this session
1491063074888	geckodriver	INFO	Listening on 127.0.0.1:53516
1491063076893	mozprofile::profile	INFO	Using profile path C:\Users\will\AppData\Local\Temp\rust_mozprofile.GMCInOFOYzgn
1491063076906	geckodriver::marionette	INFO	Starting browser C:\Software\MozillaFirefox\firefox.exe
1491063076922	geckodriver::marionette	INFO	Connecting to Marionette on localhost:53523
1491063077842	Marionette	INFO	Listening on port 53523
1491063078182	Marionette	WARN	TLS certificate errors will be ignored for this session
1491063132528	geckodriver	INFO	Listening on 127.0.0.1:53913
1491063134538	mozprofile::profile	INFO	Using profile path C:\Users\will\AppData\Local\Temp\rust_mozprofile.sJsZIZc1HPgY
1491063134547	geckodriver::marionette	INFO	Starting browser C:\Software\MozillaFirefox\firefox.exe
1491063134560	geckodriver::marionette	INFO	Connecting to Marionette on localhost:53919
1491063135397	Marionette	INFO	Listening on port 53919
1491063135725	Marionette	WARN	TLS certificate errors will be ignored for this session
1491063215722	geckodriver	INFO	Listening on 127.0.0.1:54882
1491063217740	mozprofile::profile	INFO	Using profile path C:\Users\will\AppData\Local\Temp\rust_mozprofile.QvU13Oxsa9Rs
1491063217747	geckodriver::marionette	INFO	Starting browser C:\Software\MozillaFirefox\firefox.exe
1491063217757	geckodriver::marionette	INFO	Connecting to Marionette on localhost:54890
1491063218628	Marionette	INFO	Listening on port 54890
1491063219002	Marionette	WARN	TLS certificate errors will be ignored for this session
1491063344243	geckodriver	INFO	Listening on 127.0.0.1:56289
1491063346252	mozprofile::profile	INFO	Using profile path C:\Users\will\AppData\Local\Temp\rust_mozprofile.Aqs7CVpfVq2R
1491063346262	geckodriver::marionette	INFO	Starting browser C:\Software\MozillaFirefox\firefox.exe
1491063346275	geckodriver::marionette	INFO	Connecting to Marionette on localhost:56307
1491063347084	Marionette	INFO	Listening on port 56307
1491063347429	Marionette	WARN	TLS certificate errors will be ignored for this session
[Child 13788] ###!!! ABORT: Aborting on channel error.: file c:/builds/moz2_slave/m-rel-w32-00000000000000000000/build/src/ipc/glue/MessageChannel.cpp, line 2143
1491067673280	geckodriver	INFO	Listening on 127.0.0.1:56658
1491067675307	mozprofile::profile	INFO	Using profile path C:\Users\will\AppData\Local\Temp\rust_mozprofile.ukkShbjuzYLq
1491067675310	geckodriver::marionette	INFO	Starting browser C:\Software\MozillaFirefox\firefox.exe
1491067675318	geckodriver::marionette	INFO	Connecting to Marionette on localhost:56665
1491067676149	Marionette	INFO	Listening on port 56665
1491067676489	Marionette	WARN	TLS certificate errors will be ignored for this session
1491067813344	geckodriver	INFO	Listening on 127.0.0.1:49244
1491067815344	mozprofile::profile	INFO	Using profile path C:\Users\will\AppData\Local\Temp\rust_mozprofile.oxbWpGGHveol
1491067815347	geckodriver::marionette	INFO	Starting browser C:\Software\MozillaFirefox\firefox.exe
1491067815357	geckodriver::marionette	INFO	Connecting to Marionette on localhost:49250
1491067816227	Marionette	INFO	Listening on port 49250
1491067816576	Marionette	WARN	TLS certificate errors will be ignored for this session
JavaScript error: chrome://marionette/content/error.js, line 160: Error: Timed out
1491068628593	geckodriver	INFO	Listening on 127.0.0.1:51774
1491068630614	mozprofile::profile	INFO	Using profile path C:\Users\will\AppData\Local\Temp\rust_mozprofile.BoiJiBrODd9K
1491068630624	geckodriver::marionette	INFO	Starting browser C:\Software\MozillaFirefox\firefox.exe
1491068630644	geckodriver::marionette	INFO	Connecting to Marionette on localhost:51786
1491068631445	Marionette	INFO	Listening on port 51786
1491068631781	Marionette	WARN	TLS certificate errors will be ignored for this session
1491070293517	geckodriver	INFO	Listening on 127.0.0.1:63489
1491070295519	mozprofile::profile	INFO	Using profile path C:\Users\will\AppData\Local\Temp\rust_mozprofile.4laC6Kuo8KAt
1491070295526	geckodriver::marionette	INFO	Starting browser C:\Software\MozillaFirefox\firefox.exe
1491070295535	geckodriver::marionette	INFO	Connecting to Marionette on localhost:63495
1491070296276	Marionette	INFO	Listening on port 63495
1491070296601	Marionette	WARN	TLS certificate errors will be ignored for this session
1491070367270	geckodriver	INFO	Listening on 127.0.0.1:52082
1491070369270	mozprofile::profile	INFO	Using profile path C:\Users\will\AppData\Local\Temp\rust_mozprofile.qJ1hGnSW4eaX
1491070369277	geckodriver::marionette	INFO	Starting browser C:\Software\MozillaFirefox\firefox.exe
1491070369291	geckodriver::marionette	INFO	Connecting to Marionette on localhost:52089
1491070370233	Marionette	INFO	Listening on port 52089
1491070370595	Marionette	WARN	TLS certificate errors will be ignored for this session
1491070665990	Marionette	INFO	New connections will no longer be accepted
[Child 28780] WARNING: pipe error: 232: file c:/builds/moz2_slave/m-rel-w32-00000000000000000000/build/src/ipc/chromium/src/chrome/common/ipc_channel_win.cc, line 512
[Child 28780] ###!!! ABORT: Aborting on channel error.: file c:/builds/moz2_slave/m-rel-w32-00000000000000000000/build/src/ipc/glue/MessageChannel.cpp, line 2143
1491070668212	geckodriver	INFO	Listening on 127.0.0.1:55471
1491070670221	mozprofile::profile	INFO	Using profile path C:\Users\will\AppData\Local\Temp\rust_mozprofile.lrBb0k0SmJW6
1491070670230	geckodriver::marionette	INFO	Starting browser C:\Software\MozillaFirefox\firefox.exe
1491070670249	geckodriver::marionette	INFO	Connecting to Marionette on localhost:55478
1491070671002	Marionette	INFO	Listening on port 55478
1491070671330	Marionette	WARN	TLS certificate errors will be ignored for this session
1491070676555	Marionette	INFO	New connections will no longer be accepted
[Child 13444] ###!!! ABORT: Aborting on channel error.: file c:/builds/moz2_slave/m-rel-w32-00000000000000000000/build/src/ipc/glue/MessageChannel.cpp, line 2143
1491070686745	geckodriver	INFO	Listening on 127.0.0.1:55509
1491070688746	mozprofile::profile	INFO	Using profile path C:\Users\will\AppData\Local\Temp\rust_mozprofile.SqlfILJ6N7VS
1491070688758	geckodriver::marionette	INFO	Starting browser C:\Software\MozillaFirefox\firefox.exe
1491070688770	geckodriver::marionette	INFO	Connecting to Marionette on localhost:55516
1491070689518	Marionette	INFO	Listening on port 55516
1491070689845	Marionette	WARN	TLS certificate errors will be ignored for this session
1491070701030	Marionette	INFO	New connections will no longer be accepted
[Child 16292] ###!!! ABORT: Aborting on channel error.: file c:/builds/moz2_slave/m-rel-w32-00000000000000000000/build/src/ipc/glue/MessageChannel.cpp, line 2143
1491070711218	geckodriver	INFO	Listening on 127.0.0.1:55562
1491070713213	mozprofile::profile	INFO	Using profile path C:\Users\will\AppData\Local\Temp\rust_mozprofile.19fcqCjlBCdG
1491070713219	geckodriver::marionette	INFO	Starting browser C:\Software\MozillaFirefox\firefox.exe
1491070713237	geckodriver::marionette	INFO	Connecting to Marionette on localhost:55569
1491070714001	Marionette	INFO	Listening on port 55569
1491070714324	Marionette	WARN	TLS certificate errors will be ignored for this session
1491070725616	Marionette	INFO	New connections will no longer be accepted
[Child 29260] ###!!! ABORT: Aborting on channel error.: file c:/builds/moz2_slave/m-rel-w32-00000000000000000000/build/src/ipc/glue/MessageChannel.cpp, line 2143
1491070735812	geckodriver	INFO	Listening on 127.0.0.1:55624
1491070737785	mozprofile::profile	INFO	Using profile path C:\Users\will\AppData\Local\Temp\rust_mozprofile.Y8Bft7lcF1Ma
1491070737789	geckodriver::marionette	INFO	Starting browser C:\Software\MozillaFirefox\firefox.exe
1491070737800	geckodriver::marionette	INFO	Connecting to Marionette on localhost:55630
1491070816814	geckodriver	INFO	Listening on 127.0.0.1:55719
1491070818810	mozprofile::profile	INFO	Using profile path C:\Users\will\AppData\Local\Temp\rust_mozprofile.HQut68r1PN5w
1491070818817	geckodriver::marionette	INFO	Starting browser C:\Software\MozillaFirefox\firefox.exe
1491070818825	geckodriver::marionette	INFO	Connecting to Marionette on localhost:55725
1491070819799	Marionette	INFO	Listening on port 55725
1491070820161	Marionette	WARN	TLS certificate errors will be ignored for this session
1491071386141	Marionette	INFO	New connections will no longer be accepted
[Child 20328] WARNING: pipe error: 232: file c:/builds/moz2_slave/m-rel-w32-00000000000000000000/build/src/ipc/chromium/src/chrome/common/ipc_channel_win.cc, line 512
[Child 20328] ###!!! ABORT: Aborting on channel error.: file c:/builds/moz2_slave/m-rel-w32-00000000000000000000/build/src/ipc/glue/MessageChannel.cpp, line 2143
1491071396437	geckodriver	INFO	Listening on 127.0.0.1:63075
1491071398443	mozprofile::profile	INFO	Using profile path C:\Users\will\AppData\Local\Temp\rust_mozprofile.CvZ7RyQp6Dev
1491071398454	geckodriver::marionette	INFO	Starting browser C:\Software\MozillaFirefox\firefox.exe
1491071398474	geckodriver::marionette	INFO	Connecting to Marionette on localhost:63083
1491071399262	Marionette	INFO	Listening on port 63083
1491071399600	Marionette	WARN	TLS certificate errors will be ignored for this session
1491071404853	Marionette	INFO	New connections will no longer be accepted
[Child 21160] ###!!! ABORT: Aborting on channel error.: file c:/builds/moz2_slave/m-rel-w32-00000000000000000000/build/src/ipc/glue/MessageChannel.cpp, line 2143
1491071451035	geckodriver	INFO	Listening on 127.0.0.1:63124
1491071453044	mozprofile::profile	INFO	Using profile path C:\Users\will\AppData\Local\Temp\rust_mozprofile.0CoT7VS4Ea3o
1491071453047	geckodriver::marionette	INFO	Starting browser C:\Software\MozillaFirefox\firefox.exe
1491071453057	geckodriver::marionette	INFO	Connecting to Marionette on localhost:63130
1491071453941	Marionette	INFO	Listening on port 63130
1491071454262	Marionette	WARN	TLS certificate errors will be ignored for this session
1491071767084	Marionette	INFO	New connections will no longer be accepted
[Child 12592] WARNING: pipe error: 232: file c:/builds/moz2_slave/m-rel-w32-00000000000000000000/build/src/ipc/chromium/src/chrome/common/ipc_channel_win.cc, line 512
[Child 12592] ###!!! ABORT: Aborting on channel error.: file c:/builds/moz2_slave/m-rel-w32-00000000000000000000/build/src/ipc/glue/MessageChannel.cpp, line 2143
1491071767338	geckodriver	INFO	Listening on 127.0.0.1:52658
1491071769341	mozprofile::profile	INFO	Using profile path C:\Users\will\AppData\Local\Temp\rust_mozprofile.LuSdvW9gdcjp
1491071769344	geckodriver::marionette	INFO	Starting browser C:\Software\MozillaFirefox\firefox.exe
1491071769355	geckodriver::marionette	INFO	Connecting to Marionette on localhost:52665
1491071770142	Marionette	INFO	Listening on port 52665
1491071770469	Marionette	WARN	TLS certificate errors will be ignored for this session
1491071785575	Marionette	INFO	New connections will no longer be accepted
[Child 32028] ###!!! ABORT: Aborting on channel error.: file c:/builds/moz2_slave/m-rel-w32-00000000000000000000/build/src/ipc/glue/MessageChannel.cpp, line 2143
1491071864828	geckodriver	INFO	Listening on 127.0.0.1:52787
1491071866850	mozprofile::profile	INFO	Using profile path C:\Users\will\AppData\Local\Temp\rust_mozprofile.vRNIfcUGo2Xd
1491071866859	geckodriver::marionette	INFO	Starting browser C:\Software\MozillaFirefox\firefox.exe
1491071866871	geckodriver::marionette	INFO	Connecting to Marionette on localhost:52794
1491071867734	Marionette	INFO	Listening on port 52794
1491071868079	Marionette	WARN	TLS certificate errors will be ignored for this session
1491072164218	Marionette	INFO	New connections will no longer be accepted
[Child 32072] WARNING: pipe error: 232: file c:/builds/moz2_slave/m-rel-w32-00000000000000000000/build/src/ipc/chromium/src/chrome/common/ipc_channel_win.cc, line 512
[Child 32072] ###!!! ABORT: Aborting on channel error.: file c:/builds/moz2_slave/m-rel-w32-00000000000000000000/build/src/ipc/glue/MessageChannel.cpp, line 2143
1491072189525	geckodriver	INFO	Listening on 127.0.0.1:61789
1491072191514	mozprofile::profile	INFO	Using profile path C:\Users\will\AppData\Local\Temp\rust_mozprofile.ymrsiOwowop7
1491072191521	geckodriver::marionette	INFO	Starting browser C:\Software\MozillaFirefox\firefox.exe
1491072191540	geckodriver::marionette	INFO	Connecting to Marionette on localhost:61797
1491072192423	Marionette	INFO	Listening on port 61797
1491072192761	Marionette	WARN	TLS certificate errors will be ignored for this session
1491072204059	Marionette	INFO	New connections will no longer be accepted
[Child 31968] ###!!! ABORT: Aborting on channel error.: file c:/builds/moz2_slave/m-rel-w32-00000000000000000000/build/src/ipc/glue/MessageChannel.cpp, line 2143
1491072347054	geckodriver	INFO	Listening on 127.0.0.1:61955
1491072349071	mozprofile::profile	INFO	Using profile path C:\Users\will\AppData\Local\Temp\rust_mozprofile.N8454yhA1bZw
1491072349085	geckodriver::marionette	INFO	Starting browser C:\Software\MozillaFirefox\firefox.exe
1491072349103	geckodriver::marionette	INFO	Connecting to Marionette on localhost:61961
1491072349903	Marionette	INFO	Listening on port 61961
1491072350252	Marionette	WARN	TLS certificate errors will be ignored for this session
1491072411075	geckodriver	INFO	Listening on 127.0.0.1:62039
1491072413088	mozprofile::profile	INFO	Using profile path C:\Users\will\AppData\Local\Temp\rust_mozprofile.2yjVPwxog7Vq
1491072413099	geckodriver::marionette	INFO	Starting browser C:\Software\MozillaFirefox\firefox.exe
1491072413115	geckodriver::marionette	INFO	Connecting to Marionette on localhost:62045
1491072413878	Marionette	INFO	Listening on port 62045
1491072414213	Marionette	WARN	TLS certificate errors will be ignored for this session
1491073159236	geckodriver	INFO	Listening on 127.0.0.1:52407
1491073161254	mozprofile::profile	INFO	Using profile path C:\Users\will\AppData\Local\Temp\rust_mozprofile.CvxkNUeeXIY0
1491073161270	geckodriver::marionette	INFO	Starting browser C:\Software\MozillaFirefox\firefox.exe
1491073161301	geckodriver::marionette	INFO	Connecting to Marionette on localhost:52413
1491073162110	Marionette	INFO	Listening on port 52413
1491073162452	Marionette	WARN	TLS certificate errors will be ignored for this session
1491108315234	geckodriver	INFO	Listening on 127.0.0.1:53926
1491108317228	mozprofile::profile	INFO	Using profile path C:\Users\will\AppData\Local\Temp\rust_mozprofile.LQFY8wQxPkKs
1491108317231	geckodriver::marionette	INFO	Starting browser C:\Software\MozillaFirefox\firefox.exe
1491108317241	geckodriver::marionette	INFO	Connecting to Marionette on localhost:53934
1491108318044	Marionette	INFO	Listening on port 53934
1491108318386	Marionette	WARN	TLS certificate errors will be ignored for this session
JavaScript error: chrome://marionette/content/error.js, line 160: Error: Timed out
1491111885612	geckodriver	INFO	Listening on 127.0.0.1:51198
1491111887610	mozprofile::profile	INFO	Using profile path C:\Users\will\AppData\Local\Temp\rust_mozprofile.EbrHf5thiaxr
1491111887616	geckodriver::marionette	INFO	Starting browser C:\Software\MozillaFirefox\firefox.exe
1491111887625	geckodriver::marionette	INFO	Connecting to Marionette on localhost:51210
1491111888414	Marionette	INFO	Listening on port 51210
1491111888760	Marionette	WARN	TLS certificate errors will be ignored for this session
1491114738241	Marionette	INFO	New connections will no longer be accepted
[Child 49820] ###!!! ABORT: Aborting on channel error.: file c:/builds/moz2_slave/m-rel-w32-00000000000000000000/build/src/ipc/glue/MessageChannel.cpp, line 2143
