2017-05-11 22:11:49 [scrapy.utils.log] INFO: Scrapy 1.3.3 started (bot: PatentCrawler)
2017-05-11 22:11:49 [scrapy.utils.log] INFO: Overridden settings: {'ROBOTSTXT_OBEY': True, 'NEWSPIDER_MODULE': 'PatentCrawler.spiders', 'LOG_FILE': 'scrapy.log', 'BOT_NAME': 'PatentCrawler', 'SPIDER_MODULES': ['PatentCrawler.spiders']}
2017-05-11 22:11:49 [scrapy.middleware] INFO: Enabled extensions:
['scrapy.extensions.corestats.CoreStats',
 'scrapy.extensions.logstats.LogStats',
 'scrapy.extensions.telnet.TelnetConsole']
2017-05-11 22:11:49 [scrapy.middleware] INFO: Enabled downloader middlewares:
['scrapy.downloadermiddlewares.robotstxt.RobotsTxtMiddleware',
 'scrapy.downloadermiddlewares.httpauth.HttpAuthMiddleware',
 'scrapy.downloadermiddlewares.downloadtimeout.DownloadTimeoutMiddleware',
 'scrapy.downloadermiddlewares.defaultheaders.DefaultHeadersMiddleware',
 'scrapy.downloadermiddlewares.useragent.UserAgentMiddleware',
 'scrapy.downloadermiddlewares.retry.RetryMiddleware',
 'scrapy.downloadermiddlewares.redirect.MetaRefreshMiddleware',
 'scrapy.downloadermiddlewares.httpcompression.HttpCompressionMiddleware',
 'scrapy.downloadermiddlewares.redirect.RedirectMiddleware',
 'scrapy.downloadermiddlewares.cookies.CookiesMiddleware',
 'scrapy.downloadermiddlewares.stats.DownloaderStats']
2017-05-11 22:11:49 [scrapy.middleware] INFO: Enabled spider middlewares:
['scrapy.spidermiddlewares.httperror.HttpErrorMiddleware',
 'scrapy.spidermiddlewares.offsite.OffsiteMiddleware',
 'scrapy.spidermiddlewares.referer.RefererMiddleware',
 'scrapy.spidermiddlewares.urllength.UrlLengthMiddleware',
 'scrapy.spidermiddlewares.depth.DepthMiddleware']
2017-05-11 22:11:49 [scrapy.middleware] INFO: Enabled item pipelines:
['PatentCrawler.pipelines.PatentcrawlerPipeline']
2017-05-11 22:11:49 [scrapy.core.engine] INFO: Spider opened
2017-05-11 22:11:49 [scrapy.extensions.logstats] INFO: Crawled 0 pages (at 0 pages/min), scraped 0 items (at 0 items/min)
2017-05-11 22:11:49 [scrapy.extensions.telnet] DEBUG: Telnet console listening on 127.0.0.1:6023
2017-05-11 22:11:53 [scrapy.core.engine] DEBUG: Crawled (404) <GET http://www.pss-system.gov.cn/robots.txt> (referer: None)
2017-05-11 22:11:53 [scrapy.core.engine] DEBUG: Crawled (200) <GET http://www.pss-system.gov.cn/sipopublicsearch/patentsearch/tableSearch-showTableSearchIndex.shtml> (referer: None)
2017-05-11 22:11:53 [scrapy.core.engine] INFO: Closing spider (finished)
2017-05-11 22:11:53 [scrapy.statscollectors] INFO: Dumping Scrapy stats:
{'downloader/request_bytes': 516,
 'downloader/request_count': 2,
 'downloader/request_method_count/GET': 2,
 'downloader/response_bytes': 7134,
 'downloader/response_count': 2,
 'downloader/response_status_count/200': 1,
 'downloader/response_status_count/404': 1,
 'finish_reason': 'finished',
 'finish_time': datetime.datetime(2017, 5, 11, 14, 11, 53, 764361),
 'log_count/DEBUG': 3,
 'log_count/INFO': 7,
 'response_received_count': 2,
 'scheduler/dequeued': 1,
 'scheduler/dequeued/memory': 1,
 'scheduler/enqueued': 1,
 'scheduler/enqueued/memory': 1,
 'start_time': datetime.datetime(2017, 5, 11, 14, 11, 49, 792503)}
2017-05-11 22:11:53 [scrapy.core.engine] INFO: Spider closed (finished)
2017-05-11 22:12:45 [scrapy.utils.log] INFO: Scrapy 1.3.3 started (bot: PatentCrawler)
2017-05-11 22:12:45 [scrapy.utils.log] INFO: Overridden settings: {'SPIDER_MODULES': ['PatentCrawler.spiders'], 'ROBOTSTXT_OBEY': True, 'BOT_NAME': 'PatentCrawler', 'LOG_FILE': 'scrapy.log', 'NEWSPIDER_MODULE': 'PatentCrawler.spiders'}
2017-05-11 22:12:45 [scrapy.middleware] INFO: Enabled extensions:
['scrapy.extensions.logstats.LogStats',
 'scrapy.extensions.telnet.TelnetConsole',
 'scrapy.extensions.corestats.CoreStats']
2017-05-11 22:12:46 [scrapy.middleware] INFO: Enabled downloader middlewares:
['scrapy.downloadermiddlewares.robotstxt.RobotsTxtMiddleware',
 'scrapy.downloadermiddlewares.httpauth.HttpAuthMiddleware',
 'scrapy.downloadermiddlewares.downloadtimeout.DownloadTimeoutMiddleware',
 'scrapy.downloadermiddlewares.defaultheaders.DefaultHeadersMiddleware',
 'scrapy.downloadermiddlewares.useragent.UserAgentMiddleware',
 'scrapy.downloadermiddlewares.retry.RetryMiddleware',
 'scrapy.downloadermiddlewares.redirect.MetaRefreshMiddleware',
 'scrapy.downloadermiddlewares.httpcompression.HttpCompressionMiddleware',
 'scrapy.downloadermiddlewares.redirect.RedirectMiddleware',
 'scrapy.downloadermiddlewares.cookies.CookiesMiddleware',
 'scrapy.downloadermiddlewares.stats.DownloaderStats']
2017-05-11 22:12:46 [scrapy.middleware] INFO: Enabled spider middlewares:
['scrapy.spidermiddlewares.httperror.HttpErrorMiddleware',
 'scrapy.spidermiddlewares.offsite.OffsiteMiddleware',
 'scrapy.spidermiddlewares.referer.RefererMiddleware',
 'scrapy.spidermiddlewares.urllength.UrlLengthMiddleware',
 'scrapy.spidermiddlewares.depth.DepthMiddleware']
2017-05-11 22:12:46 [scrapy.middleware] INFO: Enabled item pipelines:
['PatentCrawler.pipelines.PatentcrawlerPipeline']
2017-05-11 22:12:46 [scrapy.core.engine] INFO: Spider opened
2017-05-11 22:12:46 [scrapy.extensions.logstats] INFO: Crawled 0 pages (at 0 pages/min), scraped 0 items (at 0 items/min)
2017-05-11 22:12:46 [scrapy.extensions.telnet] DEBUG: Telnet console listening on 127.0.0.1:6023
2017-05-11 22:12:46 [scrapy.core.engine] DEBUG: Crawled (404) <GET http://www.pss-system.gov.cn/robots.txt> (referer: None)
2017-05-11 22:12:47 [scrapy.core.engine] DEBUG: Crawled (200) <GET http://www.pss-system.gov.cn/sipopublicsearch/patentsearch/tableSearch-showTableSearchIndex.shtml> (referer: None)
2017-05-11 22:12:48 [scrapy.core.engine] INFO: Closing spider (finished)
2017-05-11 22:12:48 [scrapy.statscollectors] INFO: Dumping Scrapy stats:
{'downloader/request_bytes': 516,
 'downloader/request_count': 2,
 'downloader/request_method_count/GET': 2,
 'downloader/response_bytes': 7157,
 'downloader/response_count': 2,
 'downloader/response_status_count/200': 1,
 'downloader/response_status_count/404': 1,
 'finish_reason': 'finished',
 'finish_time': datetime.datetime(2017, 5, 11, 14, 12, 48, 70523),
 'log_count/DEBUG': 3,
 'log_count/INFO': 7,
 'response_received_count': 2,
 'scheduler/dequeued': 1,
 'scheduler/dequeued/memory': 1,
 'scheduler/enqueued': 1,
 'scheduler/enqueued/memory': 1,
 'start_time': datetime.datetime(2017, 5, 11, 14, 12, 46, 248244)}
2017-05-11 22:12:48 [scrapy.core.engine] INFO: Spider closed (finished)
2017-05-11 22:13:11 [scrapy.utils.log] INFO: Scrapy 1.3.3 started (bot: PatentCrawler)
2017-05-11 22:13:11 [scrapy.utils.log] INFO: Overridden settings: {'NEWSPIDER_MODULE': 'PatentCrawler.spiders', 'SPIDER_MODULES': ['PatentCrawler.spiders'], 'ROBOTSTXT_OBEY': True, 'LOG_FILE': 'scrapy.log', 'BOT_NAME': 'PatentCrawler'}
2017-05-11 22:13:11 [scrapy.middleware] INFO: Enabled extensions:
['scrapy.extensions.telnet.TelnetConsole',
 'scrapy.extensions.corestats.CoreStats',
 'scrapy.extensions.logstats.LogStats']
2017-05-11 22:13:12 [scrapy.middleware] INFO: Enabled downloader middlewares:
['scrapy.downloadermiddlewares.robotstxt.RobotsTxtMiddleware',
 'scrapy.downloadermiddlewares.httpauth.HttpAuthMiddleware',
 'scrapy.downloadermiddlewares.downloadtimeout.DownloadTimeoutMiddleware',
 'scrapy.downloadermiddlewares.defaultheaders.DefaultHeadersMiddleware',
 'scrapy.downloadermiddlewares.useragent.UserAgentMiddleware',
 'scrapy.downloadermiddlewares.retry.RetryMiddleware',
 'scrapy.downloadermiddlewares.redirect.MetaRefreshMiddleware',
 'scrapy.downloadermiddlewares.httpcompression.HttpCompressionMiddleware',
 'scrapy.downloadermiddlewares.redirect.RedirectMiddleware',
 'scrapy.downloadermiddlewares.cookies.CookiesMiddleware',
 'scrapy.downloadermiddlewares.stats.DownloaderStats']
2017-05-11 22:13:12 [scrapy.middleware] INFO: Enabled spider middlewares:
['scrapy.spidermiddlewares.httperror.HttpErrorMiddleware',
 'scrapy.spidermiddlewares.offsite.OffsiteMiddleware',
 'scrapy.spidermiddlewares.referer.RefererMiddleware',
 'scrapy.spidermiddlewares.urllength.UrlLengthMiddleware',
 'scrapy.spidermiddlewares.depth.DepthMiddleware']
2017-05-11 22:13:12 [scrapy.middleware] INFO: Enabled item pipelines:
['PatentCrawler.pipelines.PatentcrawlerPipeline']
2017-05-11 22:13:12 [scrapy.core.engine] INFO: Spider opened
2017-05-11 22:13:12 [scrapy.extensions.logstats] INFO: Crawled 0 pages (at 0 pages/min), scraped 0 items (at 0 items/min)
2017-05-11 22:13:12 [scrapy.extensions.telnet] DEBUG: Telnet console listening on 127.0.0.1:6023
2017-05-11 22:13:12 [scrapy.core.engine] DEBUG: Crawled (404) <GET http://www.pss-system.gov.cn/robots.txt> (referer: None)
2017-05-11 22:13:13 [scrapy.core.engine] DEBUG: Crawled (200) <GET http://www.pss-system.gov.cn/sipopublicsearch/patentsearch/tableSearch-showTableSearchIndex.shtml> (referer: None)
2017-05-11 22:13:15 [scrapy.core.engine] DEBUG: Crawled (200) <POST http://www.pss-system.gov.cn/sipopublicsearch/patentsearch/biaogejsAC!executeCommandSearchUnLogin.do> (referer: http://www.pss-system.gov.cn/sipopublicsearch/patentsearch/tableSearch-showTableSearchIndex.shtml)
2017-05-11 22:13:16 [scrapy.core.engine] INFO: Closing spider (finished)
2017-05-11 22:13:16 [scrapy.statscollectors] INFO: Dumping Scrapy stats:
{'downloader/request_bytes': 1755,
 'downloader/request_count': 3,
 'downloader/request_method_count/GET': 2,
 'downloader/request_method_count/POST': 1,
 'downloader/response_bytes': 38412,
 'downloader/response_count': 3,
 'downloader/response_status_count/200': 2,
 'downloader/response_status_count/404': 1,
 'finish_reason': 'finished',
 'finish_time': datetime.datetime(2017, 5, 11, 14, 13, 16, 616285),
 'log_count/DEBUG': 4,
 'log_count/INFO': 7,
 'request_depth_max': 1,
 'response_received_count': 3,
 'scheduler/dequeued': 2,
 'scheduler/dequeued/memory': 2,
 'scheduler/enqueued': 2,
 'scheduler/enqueued/memory': 2,
 'start_time': datetime.datetime(2017, 5, 11, 14, 13, 12, 37513)}
2017-05-11 22:13:16 [scrapy.core.engine] INFO: Spider closed (finished)
2017-05-11 22:13:29 [scrapy.utils.log] INFO: Scrapy 1.3.3 started (bot: PatentCrawler)
2017-05-11 22:13:29 [scrapy.utils.log] INFO: Overridden settings: {'LOG_FILE': 'scrapy.log', 'ROBOTSTXT_OBEY': True, 'BOT_NAME': 'PatentCrawler', 'NEWSPIDER_MODULE': 'PatentCrawler.spiders', 'SPIDER_MODULES': ['PatentCrawler.spiders']}
2017-05-11 22:13:29 [scrapy.middleware] INFO: Enabled extensions:
['scrapy.extensions.telnet.TelnetConsole',
 'scrapy.extensions.corestats.CoreStats',
 'scrapy.extensions.logstats.LogStats']
2017-05-11 22:13:30 [scrapy.middleware] INFO: Enabled downloader middlewares:
['scrapy.downloadermiddlewares.robotstxt.RobotsTxtMiddleware',
 'scrapy.downloadermiddlewares.httpauth.HttpAuthMiddleware',
 'scrapy.downloadermiddlewares.downloadtimeout.DownloadTimeoutMiddleware',
 'scrapy.downloadermiddlewares.defaultheaders.DefaultHeadersMiddleware',
 'scrapy.downloadermiddlewares.useragent.UserAgentMiddleware',
 'scrapy.downloadermiddlewares.retry.RetryMiddleware',
 'scrapy.downloadermiddlewares.redirect.MetaRefreshMiddleware',
 'scrapy.downloadermiddlewares.httpcompression.HttpCompressionMiddleware',
 'scrapy.downloadermiddlewares.redirect.RedirectMiddleware',
 'scrapy.downloadermiddlewares.cookies.CookiesMiddleware',
 'scrapy.downloadermiddlewares.stats.DownloaderStats']
2017-05-11 22:13:30 [scrapy.middleware] INFO: Enabled spider middlewares:
['scrapy.spidermiddlewares.httperror.HttpErrorMiddleware',
 'scrapy.spidermiddlewares.offsite.OffsiteMiddleware',
 'scrapy.spidermiddlewares.referer.RefererMiddleware',
 'scrapy.spidermiddlewares.urllength.UrlLengthMiddleware',
 'scrapy.spidermiddlewares.depth.DepthMiddleware']
2017-05-11 22:13:30 [scrapy.middleware] INFO: Enabled item pipelines:
['PatentCrawler.pipelines.PatentcrawlerPipeline']
2017-05-11 22:13:30 [scrapy.core.engine] INFO: Spider opened
2017-05-11 22:13:30 [scrapy.extensions.logstats] INFO: Crawled 0 pages (at 0 pages/min), scraped 0 items (at 0 items/min)
2017-05-11 22:13:30 [scrapy.extensions.telnet] DEBUG: Telnet console listening on 127.0.0.1:6023
2017-05-11 22:13:30 [scrapy.core.engine] DEBUG: Crawled (404) <GET http://www.pss-system.gov.cn/robots.txt> (referer: None)
2017-05-11 22:13:31 [scrapy.core.engine] DEBUG: Crawled (200) <GET http://www.pss-system.gov.cn/sipopublicsearch/patentsearch/tableSearch-showTableSearchIndex.shtml> (referer: None)
2017-05-11 22:13:39 [scrapy.core.engine] DEBUG: Crawled (200) <POST http://www.pss-system.gov.cn/sipopublicsearch/patentsearch/biaogejsAC!executeCommandSearchUnLogin.do> (referer: http://www.pss-system.gov.cn/sipopublicsearch/patentsearch/tableSearch-showTableSearchIndex.shtml)
2017-05-11 22:13:39 [scrapy.core.engine] INFO: Closing spider (finished)
2017-05-11 22:13:39 [scrapy.statscollectors] INFO: Dumping Scrapy stats:
{'downloader/request_bytes': 1768,
 'downloader/request_count': 3,
 'downloader/request_method_count/GET': 2,
 'downloader/request_method_count/POST': 1,
 'downloader/response_bytes': 37812,
 'downloader/response_count': 3,
 'downloader/response_status_count/200': 2,
 'downloader/response_status_count/404': 1,
 'finish_reason': 'finished',
 'finish_time': datetime.datetime(2017, 5, 11, 14, 13, 39, 735610),
 'log_count/DEBUG': 4,
 'log_count/INFO': 7,
 'request_depth_max': 1,
 'response_received_count': 3,
 'scheduler/dequeued': 2,
 'scheduler/dequeued/memory': 2,
 'scheduler/enqueued': 2,
 'scheduler/enqueued/memory': 2,
 'start_time': datetime.datetime(2017, 5, 11, 14, 13, 30, 301950)}
2017-05-11 22:13:39 [scrapy.core.engine] INFO: Spider closed (finished)
2017-05-11 22:14:10 [scrapy.utils.log] INFO: Scrapy 1.3.3 started (bot: PatentCrawler)
2017-05-11 22:14:10 [scrapy.utils.log] INFO: Overridden settings: {'BOT_NAME': 'PatentCrawler', 'SPIDER_MODULES': ['PatentCrawler.spiders'], 'NEWSPIDER_MODULE': 'PatentCrawler.spiders', 'LOG_FILE': 'scrapy.log', 'ROBOTSTXT_OBEY': True}
2017-05-11 22:14:10 [scrapy.middleware] INFO: Enabled extensions:
['scrapy.extensions.corestats.CoreStats',
 'scrapy.extensions.telnet.TelnetConsole',
 'scrapy.extensions.logstats.LogStats']
2017-05-11 22:14:11 [scrapy.middleware] INFO: Enabled downloader middlewares:
['scrapy.downloadermiddlewares.robotstxt.RobotsTxtMiddleware',
 'scrapy.downloadermiddlewares.httpauth.HttpAuthMiddleware',
 'scrapy.downloadermiddlewares.downloadtimeout.DownloadTimeoutMiddleware',
 'scrapy.downloadermiddlewares.defaultheaders.DefaultHeadersMiddleware',
 'scrapy.downloadermiddlewares.useragent.UserAgentMiddleware',
 'scrapy.downloadermiddlewares.retry.RetryMiddleware',
 'scrapy.downloadermiddlewares.redirect.MetaRefreshMiddleware',
 'scrapy.downloadermiddlewares.httpcompression.HttpCompressionMiddleware',
 'scrapy.downloadermiddlewares.redirect.RedirectMiddleware',
 'scrapy.downloadermiddlewares.cookies.CookiesMiddleware',
 'scrapy.downloadermiddlewares.stats.DownloaderStats']
2017-05-11 22:14:11 [scrapy.middleware] INFO: Enabled spider middlewares:
['scrapy.spidermiddlewares.httperror.HttpErrorMiddleware',
 'scrapy.spidermiddlewares.offsite.OffsiteMiddleware',
 'scrapy.spidermiddlewares.referer.RefererMiddleware',
 'scrapy.spidermiddlewares.urllength.UrlLengthMiddleware',
 'scrapy.spidermiddlewares.depth.DepthMiddleware']
2017-05-11 22:14:11 [scrapy.middleware] INFO: Enabled item pipelines:
['PatentCrawler.pipelines.PatentcrawlerPipeline']
2017-05-11 22:14:11 [scrapy.core.engine] INFO: Spider opened
2017-05-11 22:14:11 [scrapy.extensions.logstats] INFO: Crawled 0 pages (at 0 pages/min), scraped 0 items (at 0 items/min)
2017-05-11 22:14:11 [scrapy.extensions.telnet] DEBUG: Telnet console listening on 127.0.0.1:6023
2017-05-11 22:14:11 [scrapy.core.engine] DEBUG: Crawled (404) <GET http://www.pss-system.gov.cn/robots.txt> (referer: None)
2017-05-11 22:14:12 [scrapy.core.engine] DEBUG: Crawled (200) <GET http://www.pss-system.gov.cn/sipopublicsearch/patentsearch/tableSearch-showTableSearchIndex.shtml> (referer: None)
2017-05-11 22:14:14 [scrapy.core.engine] DEBUG: Crawled (200) <POST http://www.pss-system.gov.cn/sipopublicsearch/patentsearch/biaogejsAC!executeCommandSearchUnLogin.do> (referer: http://www.pss-system.gov.cn/sipopublicsearch/patentsearch/tableSearch-showTableSearchIndex.shtml)
2017-05-11 22:14:14 [scrapy.core.engine] DEBUG: Crawled (200) <POST http://www.pss-system.gov.cn/sipopublicsearch/patentsearch/biaogejsAC!executeCommandSearchUnLogin.do> (referer: http://www.pss-system.gov.cn/sipopublicsearch/patentsearch/tableSearch-showTableSearchIndex.shtml)
2017-05-11 22:14:16 [scrapy.core.engine] INFO: Closing spider (finished)
2017-05-11 22:14:16 [scrapy.statscollectors] INFO: Dumping Scrapy stats:
{'downloader/request_bytes': 3042,
 'downloader/request_count': 4,
 'downloader/request_method_count/GET': 2,
 'downloader/request_method_count/POST': 2,
 'downloader/response_bytes': 69499,
 'downloader/response_count': 4,
 'downloader/response_status_count/200': 3,
 'downloader/response_status_count/404': 1,
 'finish_reason': 'finished',
 'finish_time': datetime.datetime(2017, 5, 11, 14, 14, 16, 419749),
 'log_count/DEBUG': 5,
 'log_count/INFO': 7,
 'request_depth_max': 1,
 'response_received_count': 4,
 'scheduler/dequeued': 3,
 'scheduler/dequeued/memory': 3,
 'scheduler/enqueued': 3,
 'scheduler/enqueued/memory': 3,
 'start_time': datetime.datetime(2017, 5, 11, 14, 14, 11, 243770)}
2017-05-11 22:14:16 [scrapy.core.engine] INFO: Spider closed (finished)
