2017/05/10-17:50:57………………………………………………程序启动，输入的公布开始日期为2001-01-01
2017/05/10-17:51:02………………………………………………启动PhantomJs浏览器
2017/05/10-17:51:02………………………………………………开始爬取进程
2017/05/10-17:51:04………………………………………………成功连接url
2017/05/10-17:51:05………………………………………………发明人
2017/05/10-17:51:05………………………………………………申请人
2017/05/10-17:51:07………………………………………………点击时间
2017/05/10-17:51:07………………………………………………填写时间
2017/05/10-17:51:07………………………………………………专利类型
2017/05/10-17:51:10………………………………………………点击按钮
2017/05/10-17:51:20………………………………………………检索成功
2017/05/10-17:51:20………………………………………………pageSum != 0
2017/05/10-17:51:20………………………………………………开始收集
2017/05/10-17:51:20………………………………………………准备收集法律信息
2017/05/10-17:51:20………………………………………………点击按钮
2017/05/10-17:51:24………………………………………………法律状态
2017/05/10-17:51:24………………………………………………法律日期
2017/05/10-17:51:24………………………………………………关闭按钮
2017/05/10-17:51:24………………………………………………采集成功
2017/05/10-17:51:24………………………………………………采集法律信息成功
2017/05/10-17:51:24………………………………………………采集item成功
2017/05/10-17:51:24………………………………………………采集item成功itemIndex = 1, itemLength = 12
2017/05/10-17:51:24………………………………………………准备收集法律信息
2017/05/10-17:51:24………………………………………………点击按钮
2017/05/10-17:51:27………………………………………………法律状态
2017/05/10-17:51:27………………………………………………法律日期
2017/05/10-17:51:27………………………………………………关闭按钮
2017/05/10-17:51:27………………………………………………采集成功
2017/05/10-17:51:27………………………………………………采集法律信息成功
2017/05/10-17:51:27………………………………………………采集item成功
2017/05/10-17:51:27………………………………………………采集item成功itemIndex = 2, itemLength = 12
2017/05/10-17:51:28………………………………………………准备收集法律信息
2017/05/10-17:51:28………………………………………………点击按钮
