[INFO  - 2017-03-23T14:01:06.672Z] GhostDriver - Main - running on port 62556
[INFO  - 2017-03-23T14:01:09.947Z] Session [2ad6ef40-0fd1-11e7-8149-0925ee81dc55] - page.settings - {"XSSAuditingEnabled":false,"javascriptCanCloseWindows":true,"javascriptCanOpenWindows":true,"javascriptEnabled":true,"loadImages":true,"localToRemoteUrlAccessEnabled":false,"userAgent":"Mozilla/5.0 (Windows NT 6.2; WOW64) AppleWebKit/538.1 (KHTML, like Gecko) PhantomJS/2.1.1 Safari/538.1","webSecurityEnabled":true}
[INFO  - 2017-03-23T14:01:09.947Z] Session [2ad6ef40-0fd1-11e7-8149-0925ee81dc55] - page.customHeaders:  - {}
[INFO  - 2017-03-23T14:01:09.947Z] Session [2ad6ef40-0fd1-11e7-8149-0925ee81dc55] - Session.negotiatedCapabilities - {"browserName":"phantomjs","version":"2.1.1","driverName":"ghostdriver","driverVersion":"1.2.0","platform":"windows-10-32bit","javascriptEnabled":true,"takesScreenshot":true,"handlesAlerts":false,"databaseEnabled":false,"locationContextEnabled":false,"applicationCacheEnabled":false,"browserConnectionEnabled":false,"cssSelectorsEnabled":true,"webStorageEnabled":false,"rotatable":false,"acceptSslCerts":false,"nativeEvents":true,"proxy":{"proxyType":"direct"}}
[INFO  - 2017-03-23T14:01:09.948Z] SessionManagerReqHand - _postNewSessionCommand - New Session Created: 2ad6ef40-0fd1-11e7-8149-0925ee81dc55
[ERROR - 2017-03-23T14:03:52.102Z] WebElementLocator - _handleLocateCommand - Element(s) NOT Found: GAVE UP. Search Stop Time: 1490277832079

  phantomjs://platform/console++.js:263 in error
[ERROR - 2017-03-23T14:04:25.404Z] WebElementLocator - _handleLocateCommand - Element(s) NOT Found: GAVE UP. Search Stop Time: 1490277865379

  phantomjs://platform/console++.js:263 in error
[ERROR - 2017-03-23T14:05:22.514Z] WebElementLocator - _handleLocateCommand - Element(s) NOT Found: GAVE UP. Search Stop Time: 1490277922486

  phantomjs://platform/console++.js:263 in error
[ERROR - 2017-03-23T14:05:32.313Z] WebElementLocator - _handleLocateCommand - Element(s) NOT Found: GAVE UP. Search Stop Time: 1490277932258

  phantomjs://platform/console++.js:263 in error
[INFO  - 2017-03-23T14:06:06.669Z] SessionManagerReqHand - _cleanupWindowlessSessions - Asynchronous Sessions clean-up phase starting NOW
[ERROR - 2017-03-23T14:06:36.670Z] WebElementLocator - _handleLocateCommand - Element(s) NOT Found: GAVE UP. Search Stop Time: 1490277996629

  phantomjs://platform/console++.js:263 in error
[ERROR - 2017-03-23T14:07:22.204Z] WebElementLocator - _handleLocateCommand - Element(s) NOT Found: GAVE UP. Search Stop Time: 1490278042151

  phantomjs://platform/console++.js:263 in error
[ERROR - 2017-03-23T14:07:55.579Z] WebElementLocator - _handleLocateCommand - Element(s) NOT Found: GAVE UP. Search Stop Time: 1490278075533

  phantomjs://platform/console++.js:263 in error
